# JRE version: Java(TM) SE Runtime Environment (17.0.9+11) (build 17.0.9+11-LTS-201)
# Java VM: Java HotSpot(TM) 64-Bit Server VM (17.0.9+11-LTS-201, mixed mode, sharing, tiered, compressed oops, compressed class ptrs, g1 gc, windows-amd64)
GC Precious Log:
 CPUs: 8 total, 8 available
 Memory: 8040M
 Large Page Support: Disabled
 NUMA Support: Disabled
 Compressed Oops: Enabled (32-bit)
 Heap Region Size: 1M
 Heap Min Capacity: 8M
 Heap Initial Capacity: 126M
 Heap Max Capacity: 2012M
 Pre-touch: Disabled
 Parallel Workers: 8
 Concurrent Workers: 2
 Concurrent Refinement Workers: 8
 Periodic GC: Disabled
Heap:
 garbage-first heap   total 72704K, used 50889K [0x0000000082400000, 0x0000000100000000)
  region size 1024K, 22 young (22528K), 3 survivors (3072K)
 Metaspace       used 68697K, committed 69248K, reserved 1114112K
  class space    used 9264K, committed 9536K, reserved 1048576K
GC Heap History (20 events):
Event: 4.645 GC heap before
{Heap before GC invocations=6 (full 0):
 garbage-first heap   total 51200K, used 34624K [0x0000000082400000, 0x0000000100000000)
  region size 1024K, 20 young (20480K), 1 survivors (1024K)
 Metaspace       used 28232K, committed 28608K, reserved 1114112K
  class space    used 3594K, committed 3776K, reserved 1048576K
}
Event: 4.650 GC heap after
{Heap after GC invocations=7 (full 0):
 garbage-first heap   total 51200K, used 18126K [0x0000000082400000, 0x0000000100000000)
  region size 1024K, 3 young (3072K), 3 survivors (3072K)
 Metaspace       used 28232K, committed 28608K, reserved 1114112K
  class space    used 3594K, committed 3776K, reserved 1048576K
}
Event: 5.094 GC heap before
{Heap before GC invocations=7 (full 0):
 garbage-first heap   total 51200K, used 35534K [0x0000000082400000, 0x0000000100000000)
  region size 1024K, 21 young (21504K), 3 survivors (3072K)
 Metaspace       used 30661K, committed 31168K, reserved 1114112K
  class space    used 3892K, committed 4160K, reserved 1048576K
}
Event: 5.100 GC heap after
{Heap after GC invocations=8 (full 0):
 garbage-first heap   total 51200K, used 19379K [0x0000000082400000, 0x0000000100000000)
  region size 1024K, 2 young (2048K), 2 survivors (2048K)
 Metaspace       used 30661K, committed 31168K, reserved 1114112K
  class space    used 3892K, committed 4160K, reserved 1048576K
}
Event: 5.544 GC heap before
{Heap before GC invocations=8 (full 0):
 garbage-first heap   total 51200K, used 29619K [0x0000000082400000, 0x0000000100000000)
  region size 1024K, 14 young (14336K), 2 survivors (2048K)
 Metaspace       used 35742K, committed 36096K, reserved 1114112K
  class space    used 4491K, committed 4672K, reserved 1048576K
}
Event: 5.548 GC heap after
{Heap after GC invocations=9 (full 0):
 garbage-first heap   total 51200K, used 20969K [0x0000000082400000, 0x0000000100000000)
  region size 1024K, 3 young (3072K), 3 survivors (3072K)
 Metaspace       used 35742K, committed 36096K, reserved 1114112K
  class space    used 4491K, committed 4672K, reserved 1048576K
}
Event: 6.336 GC heap before
{Heap before GC invocations=10 (full 0):
 garbage-first heap   total 51200K, used 37353K [0x0000000082400000, 0x0000000100000000)
  region size 1024K, 20 young (20480K), 3 survivors (3072K)
 Metaspace       used 40819K, committed 41344K, reserved 1114112K
  class space    used 5125K, committed 5376K, reserved 1048576K
}
Event: 6.340 GC heap after
{Heap after GC invocations=11 (full 0):
 garbage-first heap   total 72704K, used 22234K [0x0000000082400000, 0x0000000100000000)
  region size 1024K, 2 young (2048K), 2 survivors (2048K)
 Metaspace       used 40819K, committed 41344K, reserved 1114112K
  class space    used 5125K, committed 5376K, reserved 1048576K
}
Event: 6.361 GC heap before
{Heap before GC invocations=11 (full 0):
 garbage-first heap   total 72704K, used 23258K [0x0000000082400000, 0x0000000100000000)
  region size 1024K, 3 young (3072K), 2 survivors (2048K)
 Metaspace       used 41006K, committed 41472K, reserved 1114112K
  class space    used 5152K, committed 5376K, reserved 1048576K
}
Event: 6.363 GC heap after
{Heap after GC invocations=12 (full 0):
 garbage-first heap   total 72704K, used 22221K [0x0000000082400000, 0x0000000100000000)
  region size 1024K, 1 young (1024K), 1 survivors (1024K)
 Metaspace       used 41006K, committed 41472K, reserved 1114112K
  class space    used 5152K, committed 5376K, reserved 1048576K
}
Event: 7.323 GC heap before
{Heap before GC invocations=12 (full 0):
 garbage-first heap   total 72704K, used 51917K [0x0000000082400000, 0x0000000100000000)
  region size 1024K, 31 young (31744K), 1 survivors (1024K)
 Metaspace       used 48253K, committed 48704K, reserved 1114112K
  class space    used 6238K, committed 6464K, reserved 1048576K
}
Event: 7.326 GC heap after
{Heap after GC invocations=13 (full 0):
 garbage-first heap   total 72704K, used 23661K [0x0000000082400000, 0x0000000100000000)
  region size 1024K, 2 young (2048K), 2 survivors (2048K)
 Metaspace       used 48253K, committed 48704K, reserved 1114112K
  class space    used 6238K, committed 6464K, reserved 1048576K
}
Event: 8.026 GC heap before
{Heap before GC invocations=14 (full 0):
 garbage-first heap   total 72704K, used 53357K [0x0000000082400000, 0x0000000100000000)
  region size 1024K, 32 young (32768K), 2 survivors (2048K)
 Metaspace       used 55768K, committed 56256K, reserved 1114112K
  class space    used 7450K, committed 7680K, reserved 1048576K
}
Event: 8.030 GC heap after
{Heap after GC invocations=15 (full 0):
 garbage-first heap   total 72704K, used 24789K [0x0000000082400000, 0x0000000100000000)
  region size 1024K, 3 young (3072K), 3 survivors (3072K)
 Metaspace       used 55768K, committed 56256K, reserved 1114112K
  class space    used 7450K, committed 7680K, reserved 1048576K
}
Event: 8.852 GC heap before
{Heap before GC invocations=15 (full 0):
 garbage-first heap   total 72704K, used 55509K [0x0000000082400000, 0x0000000100000000)
  region size 1024K, 33 young (33792K), 3 survivors (3072K)
 Metaspace       used 60864K, committed 61376K, reserved 1114112K
  class space    used 8142K, committed 8384K, reserved 1048576K
}
Event: 8.857 GC heap after
{Heap after GC invocations=16 (full 0):
 garbage-first heap   total 72704K, used 26911K [0x0000000082400000, 0x0000000100000000)
  region size 1024K, 4 young (4096K), 4 survivors (4096K)
 Metaspace       used 60864K, committed 61376K, reserved 1114112K
  class space    used 8142K, committed 8384K, reserved 1048576K
}
Event: 9.584 GC heap before
{Heap before GC invocations=16 (full 0):
 garbage-first heap   total 72704K, used 55583K [0x0000000082400000, 0x0000000100000000)
  region size 1024K, 32 young (32768K), 4 survivors (4096K)
 Metaspace       used 63296K, committed 63872K, reserved 1114112K
  class space    used 8470K, committed 8768K, reserved 1048576K
}
Event: 9.590 GC heap after
{Heap after GC invocations=17 (full 0):
 garbage-first heap   total 72704K, used 29998K [0x0000000082400000, 0x0000000100000000)
  region size 1024K, 4 young (4096K), 4 survivors (4096K)
 Metaspace       used 63296K, committed 63872K, reserved 1114112K
  class space    used 8470K, committed 8768K, reserved 1048576K
}
Event: 10.335 GC heap before
{Heap before GC invocations=17 (full 0):
 garbage-first heap   total 72704K, used 55598K [0x0000000082400000, 0x0000000100000000)
  region size 1024K, 29 young (29696K), 4 survivors (4096K)
 Metaspace       used 66706K, committed 67264K, reserved 1114112K
  class space    used 8990K, committed 9280K, reserved 1048576K
}
Event: 10.341 GC heap after
{Heap after GC invocations=18 (full 0):
 garbage-first heap   total 72704K, used 32457K [0x0000000082400000, 0x0000000100000000)
  region size 1024K, 3 young (3072K), 3 survivors (3072K)
 Metaspace       used 66706K, committed 67264K, reserved 1114112K
  class space    used 8990K, committed 9280K, reserved 1048576K
}

